Sat Feb 06 02:15:15 EET 2021 : Apache Derby Network Server - 10.11.1.2 - (1629631) started and ready to accept connections on port 1527
----------------------------------------------------------------
Sat Feb 06 02:15:15 EET 2021:
Booting Derby version The Apache Software Foundation - Apache Derby - 10.11.1.2 - (1629631): instance a816c00e-0177-74b1-5647-ffff95a73572 
on database directory C:\Users\nick\Desktop\JavaCode\3hGEnick\covid19DB\covid19DB with class loader sun.misc.Launcher$AppClassLoader@6f94fa3e 
Loaded from file:/C:/Program%20Files/Java/jdk1.8.0_111/db/lib/derby.jar
java.vendor=Oracle Corporation
java.runtime.version=1.8.0_111-b14
user.dir=C:\Program Files\Java\jdk1.8.0_111\db
os.name=Windows 10
os.arch=amd64
os.version=10.0
derby.system.home=C:\Users\nick\Desktop\JavaCode\3hGEnick\covid19DB
Database Class Loader started - derby.database.classpath=''
----------------------------------------------------------------
Sat Feb 06 02:15:15 EET 2021:
Shutting down instance a816c00e-0177-74b1-5647-ffff95a73572 on database directory C:\Users\nick\Desktop\JavaCode\3hGEnick\covid19DB\covid19DB with class loader sun.misc.Launcher$AppClassLoader@6f94fa3e 
Sat Feb 06 02:15:15 EET 2021 Thread[DRDAConnThread_3,5,main] (DATABASE = covid19DB), (DRDAID = {2}), Database 'covid19DB' shutdown.
----------------------------------------------------------------
Sat Feb 06 02:21:41 EET 2021:
Booting Derby version The Apache Software Foundation - Apache Derby - 10.11.1.2 - (1629631): instance a65c80ac-0177-74b1-5647-ffff95a73572 
on database directory C:\Users\nick\Desktop\JavaCode\3hGEnick\covid19DB\covid19DB with class loader sun.misc.Launcher$AppClassLoader@6f94fa3e 
Loaded from file:/C:/Program%20Files/Java/jdk1.8.0_111/db/lib/derby.jar
java.vendor=Oracle Corporation
java.runtime.version=1.8.0_111-b14
user.dir=C:\Program Files\Java\jdk1.8.0_111\db
os.name=Windows 10
os.arch=amd64
os.version=10.0
derby.system.home=C:\Users\nick\Desktop\JavaCode\3hGEnick\covid19DB
Database Class Loader started - derby.database.classpath=''
